SF:lib/src/traversal.dart
DA:6,2
DA:13,3
DA:16,2
DA:18,2
DA:20,2
DA:22,2
DA:23,2
DA:25,2
DA:27,4
DA:28,4
DA:29,1
DA:30,4
DA:31,2
DA:35,2
DA:40,2
DA:42,2
DA:44,1
DA:46,1
DA:47,1
DA:49,1
DA:53,2
DA:54,2
DA:55,1
DA:56,2
DA:57,1
DA:59,1
DA:64,1
DA:66,1
DA:68,1
DA:70,1
DA:72,1
DA:73,1
DA:76,1
DA:77,1
DA:78,1
DA:79,2
DA:80,2
DA:81,1
DA:82,2
DA:83,1
DA:85,1
DA:87,1
DA:88,1
DA:92,1
LF:44
LH:44
end_of_record
SF:lib/src/tree.dart
DA:4,1
DA:5,1
DA:6,1
DA:8,2
DA:10,2
DA:17,4
DA:19,2
DA:20,2
DA:21,2
DA:24,1
DA:25,1
DA:28,1
DA:29,2
DA:31,3
DA:33,1
DA:34,1
DA:36,1
DA:37,2
DA:38,2
DA:41,1
DA:42,2
DA:44,1
DA:46,5
DA:47,2
DA:50,1
DA:52,1
DA:59,2
DA:60,2
DA:63,8
DA:64,4
DA:73,1
DA:74,2
DA:77,4
DA:78,5
DA:79,2
DA:88,2
DA:89,3
DA:91,2
DA:92,1
DA:94,2
DA:95,6
DA:96,2
DA:103,2
DA:104,8
DA:105,6
DA:112,2
DA:113,2
DA:114,1
DA:115,2
LF:49
LH:49
end_of_record
SF:lib/src/node.dart
DA:4,6
DA:10,6
LF:2
LH:2
end_of_record
