SF:lib/src/vi_tree.dart
DA:4,1
DA:5,1
DA:6,1
DA:8,1
DA:10,1
DA:17,2
DA:19,1
DA:20,1
DA:21,1
DA:24,1
DA:25,2
DA:27,2
DA:29,1
DA:31,1
DA:32,2
DA:33,2
DA:39,1
DA:40,2
DA:42,1
DA:44,5
DA:45,2
DA:48,1
DA:50,1
DA:57,1
DA:58,1
DA:61,4
DA:62,2
DA:71,1
DA:72,2
DA:75,4
DA:76,5
DA:77,2
DA:86,1
DA:87,2
DA:89,1
DA:91,1
DA:94,3
DA:95,1
DA:103,1
DA:104,4
DA:105,3
DA:112,2
LF:42
LH:42
end_of_record
SF:lib/src/vi_traversal.dart
DA:10,1
DA:12,1
DA:13,1
DA:15,1
DA:16,2
DA:17,1
DA:21,1
LF:7
LH:7
end_of_record
SF:lib/src/vi_node.dart
DA:4,2
DA:10,0
LF:2
LH:1
end_of_record
